Compiled jquery.js  (1ms)  (pid 14229)
Compiled jquery_ujs.js  (0ms)  (pid 14229)
Compiled bootstrap-transition.js  (0ms)  (pid 14229)
Compiled bootstrap-affix.js  (0ms)  (pid 14229)
Compiled bootstrap-alert.js  (0ms)  (pid 14229)
Compiled bootstrap-button.js  (0ms)  (pid 14229)
Compiled bootstrap-carousel.js  (0ms)  (pid 14229)
Compiled bootstrap-collapse.js  (0ms)  (pid 14229)
Compiled bootstrap-dropdown.js  (0ms)  (pid 14229)
Compiled bootstrap-modal.js  (0ms)  (pid 14229)
Compiled bootstrap-scrollspy.js  (0ms)  (pid 14229)
Compiled bootstrap-tab.js  (0ms)  (pid 14229)
Compiled bootstrap-tooltip.js  (0ms)  (pid 14229)
Compiled bootstrap-popover.js  (0ms)  (pid 14229)
Compiled bootstrap-typeahead.js  (0ms)  (pid 14229)
Compiled bootstrap.js  (64ms)  (pid 14229)
Compiled sessions.js  (343ms)  (pid 14229)
Compiled static_pages.js  (81ms)  (pid 14229)
Compiled users.js  (84ms)  (pid 14229)
Compiled application.js  (620ms)  (pid 14229)
Compiled custum.css  (1350ms)  (pid 14229)
Compiled sessions.css  (1ms)  (pid 14229)
Compiled static_pages.css  (0ms)  (pid 14229)
Compiled users.css  (0ms)  (pid 14229)
Compiled application.css  (1399ms)  (pid 14229)
Compiled jquery.js  (1ms)  (pid 14229)
Compiled jquery_ujs.js  (0ms)  (pid 14229)
Compiled bootstrap-transition.js  (0ms)  (pid 14229)
Compiled bootstrap-affix.js  (0ms)  (pid 14229)
Compiled bootstrap-alert.js  (0ms)  (pid 14229)
Compiled bootstrap-button.js  (0ms)  (pid 14229)
Compiled bootstrap-carousel.js  (0ms)  (pid 14229)
Compiled bootstrap-collapse.js  (0ms)  (pid 14229)
Compiled bootstrap-dropdown.js  (0ms)  (pid 14229)
Compiled bootstrap-modal.js  (0ms)  (pid 14229)
Compiled bootstrap-scrollspy.js  (0ms)  (pid 14229)
Compiled bootstrap-tab.js  (0ms)  (pid 14229)
Compiled bootstrap-tooltip.js  (0ms)  (pid 14229)
Compiled bootstrap-popover.js  (0ms)  (pid 14229)
Compiled bootstrap-typeahead.js  (0ms)  (pid 14229)
Compiled bootstrap.js  (63ms)  (pid 14229)
Compiled sessions.js  (112ms)  (pid 14229)
Compiled static_pages.js  (82ms)  (pid 14229)
Compiled users.js  (81ms)  (pid 14229)
Compiled application.js  (384ms)  (pid 14229)
Compiled custum.css  (1300ms)  (pid 14229)
Compiled sessions.css  (1ms)  (pid 14229)
Compiled static_pages.css  (0ms)  (pid 14229)
Compiled users.css  (0ms)  (pid 14229)
Compiled application.css  (1316ms)  (pid 14229)
Compiled jquery.js  (1ms)  (pid 15275)
Compiled jquery_ujs.js  (0ms)  (pid 15275)
Compiled bootstrap-transition.js  (0ms)  (pid 15275)
Compiled bootstrap-affix.js  (0ms)  (pid 15275)
Compiled bootstrap-alert.js  (0ms)  (pid 15275)
Compiled bootstrap-button.js  (0ms)  (pid 15275)
Compiled bootstrap-carousel.js  (0ms)  (pid 15275)
Compiled bootstrap-collapse.js  (0ms)  (pid 15275)
Compiled bootstrap-dropdown.js  (0ms)  (pid 15275)
Compiled bootstrap-modal.js  (0ms)  (pid 15275)
Compiled bootstrap-scrollspy.js  (0ms)  (pid 15275)
Compiled bootstrap-tab.js  (0ms)  (pid 15275)
Compiled bootstrap-tooltip.js  (0ms)  (pid 15275)
Compiled bootstrap-popover.js  (0ms)  (pid 15275)
Compiled bootstrap-typeahead.js  (0ms)  (pid 15275)
Compiled bootstrap.js  (63ms)  (pid 15275)
Compiled sessions.js  (117ms)  (pid 15275)
Compiled static_pages.js  (84ms)  (pid 15275)
Compiled users.js  (80ms)  (pid 15275)
Compiled application.js  (392ms)  (pid 15275)
Compiled custum.css  (1297ms)  (pid 15275)
Compiled sessions.css  (1ms)  (pid 15275)
Compiled static_pages.css  (0ms)  (pid 15275)
Compiled users.css  (0ms)  (pid 15275)
Compiled application.css  (1314ms)  (pid 15275)
Compiled jquery.js  (1ms)  (pid 15275)
Compiled jquery_ujs.js  (0ms)  (pid 15275)
Compiled bootstrap-transition.js  (0ms)  (pid 15275)
Compiled bootstrap-affix.js  (0ms)  (pid 15275)
Compiled bootstrap-alert.js  (0ms)  (pid 15275)
Compiled bootstrap-button.js  (0ms)  (pid 15275)
Compiled bootstrap-carousel.js  (0ms)  (pid 15275)
Compiled bootstrap-collapse.js  (0ms)  (pid 15275)
Compiled bootstrap-dropdown.js  (0ms)  (pid 15275)
Compiled bootstrap-modal.js  (0ms)  (pid 15275)
Compiled bootstrap-scrollspy.js  (0ms)  (pid 15275)
Compiled bootstrap-tab.js  (0ms)  (pid 15275)
Compiled bootstrap-tooltip.js  (0ms)  (pid 15275)
Compiled bootstrap-popover.js  (0ms)  (pid 15275)
Compiled bootstrap-typeahead.js  (0ms)  (pid 15275)
Compiled bootstrap.js  (62ms)  (pid 15275)
Compiled sessions.js  (114ms)  (pid 15275)
Compiled static_pages.js  (83ms)  (pid 15275)
Compiled users.js  (80ms)  (pid 15275)
Compiled application.js  (385ms)  (pid 15275)
Compiled custum.css  (1320ms)  (pid 15275)
Compiled sessions.css  (0ms)  (pid 15275)
Compiled static_pages.css  (0ms)  (pid 15275)
Compiled users.css  (0ms)  (pid 15275)
Compiled application.css  (1335ms)  (pid 15275)
